2025-03-31 09:57:04,219 [INFO] 📄 Logging to file: logs/abay_log_20250331_095704.log
2025-03-31 09:57:06,967 [INFO] 🛫 Opened departure list
2025-03-31 09:57:07,502 [INFO] ✅ Selected departure: SGN
2025-03-31 09:57:07,608 [INFO] 🛬 Opened destination list
2025-03-31 09:57:08,141 [INFO] ✅ Selected destination: DAD
2025-03-31 09:57:11,933 [INFO] 📅 Selected departure date: 23-06-2025
2025-03-31 09:57:12,650 [INFO] 🔍 Clicked search button
2025-03-31 09:57:12,902 [INFO] ============================================================
2025-03-31 09:57:12,903 [INFO] 📅 Collecting data for flight date: Thứ Hai
23/06
490,000
2025-03-31 09:57:12,903 [INFO] ⏰ Started at: 2025-03-31 09:57:12
2025-03-31 09:57:12,903 [INFO] Total flights found: 64
2025-03-31 09:57:12,903 [INFO] ============================================================
2025-03-31 09:57:54,838 [INFO] → 64/64 flights collected successfully.
2025-03-31 09:57:54,838 [INFO] ✅ Ended at: 2025-03-31 09:57:54 | Duration: 42s
2025-03-31 09:57:54,838 [INFO] ============================================================
2025-03-31 09:57:56,955 [INFO] ➡️ Switched to next day
2025-03-31 09:57:57,025 [INFO] ============================================================
2025-03-31 09:57:57,025 [INFO] 📅 Collecting data for flight date: Thứ Ba
24/06
490,000
2025-03-31 09:57:57,025 [INFO] ⏰ Started at: 2025-03-31 09:57:56
2025-03-31 09:57:57,026 [INFO] Total flights found: 58
2025-03-31 09:57:57,026 [INFO] ============================================================
2025-03-31 09:58:34,865 [INFO] → 58/58 flights collected successfully.
2025-03-31 09:58:34,865 [INFO] ✅ Ended at: 2025-03-31 09:58:34 | Duration: 37s
2025-03-31 09:58:34,865 [INFO] ============================================================
2025-03-31 09:58:35,485 [INFO] ➡️ Switched to next day
2025-03-31 09:58:35,550 [INFO] ============================================================
2025-03-31 09:58:35,550 [INFO] 📅 Collecting data for flight date: Thứ Tư
25/06
490,000
2025-03-31 09:58:35,550 [INFO] ⏰ Started at: 2025-03-31 09:58:35
2025-03-31 09:58:35,550 [INFO] Total flights found: 61
2025-03-31 09:58:35,550 [INFO] ============================================================
2025-03-31 09:59:15,312 [INFO] → 61/61 flights collected successfully.
2025-03-31 09:59:15,312 [INFO] ✅ Ended at: 2025-03-31 09:59:15 | Duration: 39s
2025-03-31 09:59:15,312 [INFO] ============================================================
2025-03-31 09:59:17,409 [INFO] ➡️ Switched to next day
2025-03-31 09:59:17,497 [INFO] ============================================================
2025-03-31 09:59:17,497 [INFO] 📅 Collecting data for flight date: Thứ Năm
26/06
588,000
2025-03-31 09:59:17,498 [INFO] ⏰ Started at: 2025-03-31 09:59:17
2025-03-31 09:59:17,498 [INFO] Total flights found: 62
2025-03-31 09:59:17,498 [INFO] ============================================================
2025-03-31 09:59:57,856 [INFO] → 62/62 flights collected successfully.
2025-03-31 09:59:57,856 [INFO] ✅ Ended at: 2025-03-31 09:59:57 | Duration: 40s
2025-03-31 09:59:57,856 [INFO] ============================================================
2025-03-31 09:59:59,954 [INFO] ➡️ Switched to next day
2025-03-31 10:00:00,023 [INFO] ============================================================
2025-03-31 10:00:00,023 [INFO] 📅 Collecting data for flight date: Thứ Sáu
27/06
818,000
2025-03-31 10:00:00,023 [INFO] ⏰ Started at: 2025-03-31 09:59:59
2025-03-31 10:00:00,023 [INFO] Total flights found: 60
2025-03-31 10:00:00,023 [INFO] ============================================================
2025-03-31 10:00:37,717 [INFO] → 60/60 flights collected successfully.
2025-03-31 10:00:37,717 [INFO] ✅ Ended at: 2025-03-31 10:00:37 | Duration: 37s
2025-03-31 10:00:37,717 [INFO] ============================================================
2025-03-31 10:00:39,819 [INFO] ➡️ Switched to next day
2025-03-31 10:00:39,910 [INFO] ============================================================
2025-03-31 10:00:39,910 [INFO] 📅 Collecting data for flight date: Thứ Bảy
28/06
588,000
2025-03-31 10:00:39,910 [INFO] ⏰ Started at: 2025-03-31 10:00:39
2025-03-31 10:00:39,910 [INFO] Total flights found: 57
2025-03-31 10:00:39,910 [INFO] ============================================================
2025-03-31 10:01:16,986 [INFO] → 57/57 flights collected successfully.
2025-03-31 10:01:16,987 [INFO] ✅ Ended at: 2025-03-31 10:01:16 | Duration: 37s
2025-03-31 10:01:16,987 [INFO] ============================================================
2025-03-31 10:01:19,094 [INFO] ➡️ Switched to next day
2025-03-31 10:01:19,159 [INFO] ============================================================
2025-03-31 10:01:19,159 [INFO] 📅 Collecting data for flight date: Chủ Nhật
29/06
490,000
2025-03-31 10:01:19,159 [INFO] ⏰ Started at: 2025-03-31 10:01:19
2025-03-31 10:01:19,159 [INFO] Total flights found: 60
2025-03-31 10:01:19,159 [INFO] ============================================================
2025-03-31 10:01:57,979 [INFO] → 60/60 flights collected successfully.
2025-03-31 10:01:57,979 [INFO] ✅ Ended at: 2025-03-31 10:01:57 | Duration: 38s
2025-03-31 10:01:57,979 [INFO] ============================================================
2025-03-31 10:02:00,074 [INFO] ➡️ Switched to next day
2025-03-31 10:02:00,137 [INFO] ============================================================
2025-03-31 10:02:00,137 [INFO] 📅 Collecting data for flight date: Thứ Hai
30/06
490,000
2025-03-31 10:02:00,137 [INFO] ⏰ Started at: 2025-03-31 10:02:00
2025-03-31 10:02:00,137 [INFO] Total flights found: 64
2025-03-31 10:02:00,137 [INFO] ============================================================
2025-03-31 10:02:41,796 [INFO] → 64/64 flights collected successfully.
2025-03-31 10:02:41,796 [INFO] ✅ Ended at: 2025-03-31 10:02:41 | Duration: 41s
2025-03-31 10:02:41,796 [INFO] ============================================================
2025-03-31 10:02:41,799 [INFO] ✅ Finished crawling until end date!
